365
CTL|XTSPEC|0|-31|445|504|0
CTL|DISTVAR|44|76|205|504|0
CTL|DISTFLAG|66|98|181|504|0
CTL|SELUNIT|286|318|205|504|0
CTL|SELSPEC|0|1|445|504|0
CTL|UVAR|0|-31|628|504|0
VTT|ACLARF|0|-31|205|504|0
VTT|ACLARC|0|0|205|504|0
VTT|ACLARS|0|-31|668|1010|0
VTT|ACLARFTD|44|44|205|504|0
VTT|ACLARSTD|66|66|205|504|0
VTT|ACLARFRR|88|88|205|504|0
VTT|ACLARSRR|110|110|205|504|0
VTT|ACLARMIN|132|132|205|504|0
VTT|ACLARCMX|154|154|205|504|0
VTT|ACLARPI|176|176|205|504|0
TBL|0|0|-31|612|656|0
TBL|1U|0|-31|612|656|0
TBL|12U|0|-31|612|656|0
TBL|13U|0|-31|612|656|0
TBL|15U|0|-31|612|656|0
TBL|14U|0|-31|612|656|0
TBL|10U|0|-31|612|656|0
TBL|11U|0|-31|612|656|0
TBL|4U|506|506|612|656|0
TBL|27U-0|528|528|612|656|0
TBL|27U-1|550|550|612|656|0
TBL|36U|572|572|612|656|0
TBL|17U|594|594|612|656|0
