

         +-------------------------------------------------------------+
         |                                                             |
         |              Welcome to the Statistics Canada               |
         |                                                             |
         |          Social Policy Simulation Database / Model          |
         |                          ( SPSD/M )                         |
         |                                                             |
         |   Program Version                 : 28.00                   |
         |   Database Adjustment Algorithm   : Standard                |
         |   Standard Tax/Transfer Algorithm : Version 28.0 : 97-25    |
         |   Alternate Tax/Transfer Algorithm: none/aucun              |
         |                                                             |
         |          Copyright (c) Statistics Canada, 1984-2019         |
         |                                                             |
         |                                                             |
         +-------------------------------------------------------------+

Press 'F1' for context-specific help.
Press Ctrl-Break to terminate.

============================= Control Parameters =============================

Enter name of input control parameter file ==> data_pull_2021.cpr
Loading control parameters from 'data_pull_2021.cpr'
Enter specification for generating output files ==> 
Output file names will be as specified in 'data_pull_2021.cpr'
Current values of selected control parameters:
Descriptive
     CPRDESCE     Tax/transfer:2020 Population:2020 Incomes:2020 (2020$) 
Selection/Sample
     SELFLAG             0             # Selection facility activation flag
     SAMPLEREQ     1.000000000         # Size of sample requested
Input Databases
     INPSPD       $SPSD/v280y16.spd    # Name of SPSD file (in) 
     INPFXV       $SPSD/v280y16.fxv    # Name of SHS vector file (in) 
     INPWGT       $SPSD/v280y20.wgt    # Name of weight file (in) 
Growth
     INPAPR       data_pull_2021.apr   # Name of database adjustment parameter 
Scenario Control (base computed using parms, variant computed using parms)
     BASMETH             2             # Method of creating base variables
     INPBASMPR    data_pull_2021_B.mpr # Name of base tax/transfer parameter fi
     VARMETH             2             # Method of creating variant variables
     INPVARMPR    data_pull_2021_V.mpr # Name of variant tax/transfer parameter
Output Files
     OUTMRSFLAG          0             # Variant results file creation flag
     OUTCPR       data_pull_2021.cpr   # Name of control parameter file (out) 
Do you wish to modify any control parameters ? ==> N
The following file(s) will be overwritten with these control parameters.
   (1) data_pull_2021.cpr
   (2) data_pull_2021.apr
   (3) data_pull_2021_V.mpr
   (4) data_pull_2021_B.mpr
Any further control parameter changes ? ==> N
Writing out control parameters to 'data_pull_2021.cpr'.

======================= Database Adjustment Parameters =======================

Loading database adjustment parameters from 'data_pull_2021.apr'
Current values of selected database adjustment parameters:
 GFISE         10                  # Growth Factor: Self-employment income
    1.10980
    1.09180
    1.08810
    1.11070
    1.06110
    1.10670
    1.12440
    1.09740
    1.02360
    1.05860
 GFIEMP        10                  # Growth Factor: Employment income 
    1.15980  1.15980
    1.13790  1.13790
    1.15000  1.15000
    1.16010  1.16010
    1.15050  1.15050
    1.14910  1.14910
    1.15260  1.15260
    1.13960  1.13960
    1.11540  1.11540
    1.14380  1.14380
Do you wish to modify any database adjustment parameters ? ==> N
Writing out database adjustment parameters to 'data_pull_2021.apr'.

=========================== Tax/Transfer Parameters ==========================

Loading base    tax/transfer parameters from 'data_pull_2021_B.mpr'
Writing out base tax/transfer parameters to 'data_pull_2021_B.mpr'.
Loading variant tax/transfer parameters from 'data_pull_2021_V.mpr'
Current values of selected variant tax/transfer parameters:
 MPRDESCE     Current values for 2021 
 CTFLAG              1             # Commodity tax activation flag
 CTOPT               2             # Commodity tax calculation method 
 TARGETYEAR       2021             # Year of analysis
Do you wish to modify any variant tax/transfer parameters ? ==> Y
==> UIFLAG
      EI Activation flag
          # Source: Copied from ba20.mpr

==> GO
Writing out variant tax/transfer parameters to 'data_pull_2021_V.mpr'.

=================================== Execution ================================

 SPSM          started   on Sun Dec 13 14:02:57 2020
 SPSM          completed on Sun Dec 13 14:03:25 2020
 Elapsed time= 00:00:28
 Number of households processed=364924
 Number of persons     selected=1068047
 Variant consumable income ($000,000):  1230409.3
 Increase from base        ($000,000):        0.0
 Control parameter file . . . . . . . . data_pull_2021.cpr
 Table output file  . . . . . . . . . . data_pull_2021.tbl
 Database adjustment parameter file . . data_pull_2021.apr
 Base tax/transfer parameter file . . . data_pull_2021_B.mpr
 Variant tax/transfer parameter file  . data_pull_2021_V.mpr
 ASCII output file  . . . . . . . . . . data_pull_2021.prn
